[0425/183456.833:ERROR:process_info.cc(329)] VirtualQueryEx: Access is denied. (0x5)
[0425/183456.834:ERROR:process_info.cc(556)] ReadMemoryInfo failed
[0425/183456.834:ERROR:process_memory_win.cc(39)] Failed to initialize ProcessInfo.
[0425/183456.834:ERROR:process_reader_win.cc(151)] SuspendThread: Access is denied. (0x5)
[0425/183456.835:ERROR:process_reader_win.cc(151)] SuspendThread: Access is denied. (0x5)
[0425/183456.829:ERROR:process_reader_win.cc(123)] NtOpenThread: {Access Denied} A process has requested access to an object, but has not been granted those access rights. (0xc0000022)
[0425/183456.836:ERROR:exception_snapshot_win.cc(98)] thread ID 14856 not found in process
[0425/183456.835:ERROR:process_reader_win.cc(123)] NtOpenThread: {Access Denied} A process has requested access to an object, but has not been granted those access rights. (0xc0000022)
[0425/183456.836:ERROR:exception_snapshot_win.cc(98)] thread ID 15260 not found in process
[0425/183456.834:ERROR:scoped_process_suspend.cc(40)] NtResumeProcess: An attempt was made to access an exiting process. (0xc000010a)
[0425/183456.861:ERROR:process_reader_win.cc(108)] process 14560 not found
[0425/183456.861:ERROR:exception_snapshot_win.cc(98)] thread ID 11212 not found in process
[0425/183456.861:ERROR:scoped_process_suspend.cc(40)] NtResumeProcess: An attempt was made to access an exiting process. (0xc000010a)
[0425/183456.862:ERROR:process_reader_win.cc(123)] NtOpenThread: {Access Denied} A process has requested access to an object, but has not been granted those access rights. (0xc0000022)
[0425/183456.862:ERROR:exception_snapshot_win.cc(98)] thread ID 13268 not found in process
[0425/183456.873:ERROR:process_reader_win.cc(123)] NtOpenThread: {Access Denied} A process has requested access to an object, but has not been granted those access rights. (0xc0000022)
[0425/183456.873:ERROR:exception_snapshot_win.cc(98)] thread ID 14972 not found in process
[0425/183456.895:ERROR:process_reader_win.cc(123)] NtOpenThread: {Access Denied} A process has requested access to an object, but has not been granted those access rights. (0xc0000022)
[0425/183456.895:ERROR:exception_snapshot_win.cc(98)] thread ID 10308 not found in process
[0425/183456.895:ERROR:scoped_process_suspend.cc(40)] NtResumeProcess: An attempt was made to access an exiting process. (0xc000010a)
[0425/191125.741:ERROR:process_reader_win.cc(123)] NtOpenThread: {Access Denied} A process has requested access to an object, but has not been granted those access rights. (0xc0000022)
[0425/191125.741:ERROR:exception_snapshot_win.cc(98)] thread ID 10836 not found in process
[0425/191125.744:ERROR:process_reader_win.cc(123)] NtOpenThread: {Access Denied} A process has requested access to an object, but has not been granted those access rights. (0xc0000022)
[0425/191125.744:ERROR:exception_snapshot_win.cc(98)] thread ID 11588 not found in process
[0425/191125.748:ERROR:process_reader_win.cc(151)] SuspendThread: Access is denied. (0x5)
[0425/191125.748:ERROR:process_reader_win.cc(123)] NtOpenThread: {Access Denied} A process has requested access to an object, but has not been granted those access rights. (0xc0000022)
[0425/191125.748:ERROR:exception_snapshot_win.cc(98)] thread ID 15152 not found in process
[0425/191125.765:ERROR:process_reader_win.cc(123)] NtOpenThread: {Access Denied} A process has requested access to an object, but has not been granted those access rights. (0xc0000022)
[0425/191125.765:ERROR:exception_snapshot_win.cc(98)] thread ID 13960 not found in process
[0425/191125.777:ERROR:process_info.cc(329)] VirtualQueryEx: Access is denied. (0x5)
[0425/191125.777:ERROR:process_info.cc(556)] ReadMemoryInfo failed
[0425/191125.777:ERROR:process_memory_win.cc(39)] Failed to initialize ProcessInfo.
[0425/191125.777:ERROR:scoped_process_suspend.cc(40)] NtResumeProcess: An attempt was made to access an exiting process. (0xc000010a)
